<?xml version="1.0" encoding="UTF-8"?>
<!-- Generated by org.testng.reporters.JUnitReportReporter -->
<testsuite hostname="ip-172-31-17-206" failures="0" tests="1" name="TestNG.addbook" time="2.731" errors="0" timestamp="16 Apr 2022 11:33:03 GMT" skipped="0">
  <testcase classname="TestNG.addbook" name="verifyaddbook" time="2.731"/>
</testsuite> <!-- TestNG.addbook -->
